<?xml version="1.0" encoding="UTF-8"?>
<!-- Generated by org.testng.reporters.JUnitXMLReporter -->
<testsuite hostname="Shwetas-MacBook-Pro.local" ignored="0" name="Regression suite 2" tests="1" failures="1" timestamp="06 Nov 2018 21:38:28 GMT" time="13.252" errors="0">
  <testcase name="ReadData" time="5.654" classname="DDMavenPOI.DDMavenPOI.ReadFrom">
    <failure type="org.openqa.selenium.WebDriverException" message="TypeError: rect is undefined
Build info: version: &amp;apos;3.14.0&amp;apos;, revision: &amp;apos;aacccce0&amp;apos;, time: &amp;apos;2018-08-02T20:19:58.91Z&amp;apos;
System info: host: &amp;apos;Shwetas-MacBook-Pro.local&amp;apos;, ip: &amp;apos;fe80:0:0:0:103a:d19f:a86:818b%en0&amp;apos;, os.name: &amp;apos;Mac OS X&amp;apos;, os.arch: &amp;apos;x86_64&amp;apos;, os.version: &amp;apos;10.14&amp;apos;, java.version: &amp;apos;1.8.0_162&amp;apos;
Driver info: org.openqa.selenium.firefox.FirefoxDriver
Capabilities {acceptInsecureCerts: true, browserName: firefox, browserVersion: 63.0, javascriptEnabled: true, moz:accessibilityChecks: false, moz:geckodriverVersion: 0.23.0, moz:headless: false, moz:processID: 3662, moz:profile: /var/folders/y_/bj5nspxd7x3..., moz:useNonSpecCompliantPointerOrigin: false, moz:webdriverClick: true, pageLoadStrategy: normal, platform: MAC, platformName: MAC, platformVersion: 18.0.0, rotatable: false, setWindowRect: true, timeouts: {implicit: 0, pageLoad: 300000, script: 30000}, unhandledPromptBehavior: dismiss and notify}
Session ID: a7ac1157-7cd6-8541-9576-bcf4692c054e">
      <![CDATA[org.openqa.selenium.WebDriverException: TypeError: rect is undefined
Build info: version: '3.14.0', revision: 'aacccce0', time: '2018-08-02T20:19:58.91Z'
System info: host: 'Shwetas-MacBook-Pro.local', ip: 'fe80:0:0:0:103a:d19f:a86:818b%en0', os.name: 'Mac OS X', os.arch: 'x86_64', os.version: '10.14', java.version: '1.8.0_162'
Driver info: org.openqa.selenium.firefox.FirefoxDriver
Capabilities {acceptInsecureCerts: true, browserName: firefox, browserVersion: 63.0, javascriptEnabled: true, moz:accessibilityChecks: false, moz:geckodriverVersion: 0.23.0, moz:headless: false, moz:processID: 3662, moz:profile: /var/folders/y_/bj5nspxd7x3..., moz:useNonSpecCompliantPointerOrigin: false, moz:webdriverClick: true, pageLoadStrategy: normal, platform: MAC, platformName: MAC, platformVersion: 18.0.0, rotatable: false, setWindowRect: true, timeouts: {implicit: 0, pageLoad: 300000, script: 30000}, unhandledPromptBehavior: dismiss and notify}
Session ID: a7ac1157-7cd6-8541-9576-bcf4692c054e
at org.openqa.selenium.remote.http.W3CHttpResponseCodec.createException(W3CHttpResponseCodec.java:187)
at org.openqa.selenium.remote.http.W3CHttpResponseCodec.decode(W3CHttpResponseCodec.java:122)
at org.openqa.selenium.remote.http.W3CHttpResponseCodec.decode(W3CHttpResponseCodec.java:49)
at org.openqa.selenium.remote.HttpCommandExecutor.execute(HttpCommandExecutor.java:158)
at org.openqa.selenium.remote.service.DriverCommandExecutor.execute(DriverCommandExecutor.java:83)
at org.openqa.selenium.remote.RemoteWebDriver.execute(RemoteWebDriver.java:548)
at org.openqa.selenium.remote.RemoteWebDriver.perform(RemoteWebDriver.java:614)
at org.openqa.selenium.interactions.Actions$BuiltAction.perform(Actions.java:640)
at DDMavenPOI.DDMavenPOI.ReadFrom.ReadData(ReadFrom.java:77)
... Removed 32 stack frames]]>
    </failure>
  </testcase> <!-- ReadData -->
</testsuite> <!-- Regression suite 2 -->
